TN:
SF:D:\Angular5\Project\TopJobs-varun\projects\seeker\src\test.ts
FNF:0
FNH:0
DA:15,1
DA:20,1
DA:22,1
LF:3
LH:3
BRF:0
BRH:0
end_of_record
TN:
SF:D:\Angular5\Project\TopJobs-varun\projects\seeker\src\lib\seeker.component.ts
FN:12,(anonymous_2)
FN:14,SeekerComponent
FN:16,(anonymous_4)
FNF:3
FNH:1
FNDA:1,(anonymous_2)
FNDA:0,SeekerComponent
FNDA:0,(anonymous_4)
DA:12,1
DA:16,1
DA:19,1
LF:3
LH:3
BRF:0
BRH:0
end_of_record
TN:
SF:D:\Angular5\Project\TopJobs-varun\projects\seeker\src\lib\seeker.service.ts
FN:10,(anonymous_2)
FN:11,SeekerService
FN:13,(anonymous_4)
FN:30,(anonymous_5)
FN:36,(anonymous_6)
FN:37,(anonymous_7)
FN:40,(anonymous_8)
FN:63,(anonymous_9)
FN:64,(anonymous_10)
FN:68,(anonymous_11)
FN:74,(anonymous_12)
FN:75,(anonymous_13)
FN:79,(anonymous_14)
FN:86,(anonymous_15)
FN:87,(anonymous_16)
FN:91,(anonymous_17)
FNF:16
FNH:1
FNDA:1,(anonymous_2)
FNDA:0,SeekerService
FNDA:0,(anonymous_4)
FNDA:0,(anonymous_5)
FNDA:0,(anonymous_6)
FNDA:0,(anonymous_7)
FNDA:0,(anonymous_8)
FNDA:0,(anonymous_9)
FNDA:0,(anonymous_10)
FNDA:0,(anonymous_11)
FNDA:0,(anonymous_12)
FNDA:0,(anonymous_13)
FNDA:0,(anonymous_14)
FNDA:0,(anonymous_15)
FNDA:0,(anonymous_16)
FNDA:0,(anonymous_17)
DA:10,1
DA:11,0
DA:13,1
DA:14,0
DA:16,0
DA:20,0
DA:30,1
DA:31,0
DA:36,1
DA:37,0
DA:38,0
DA:41,0
DA:63,1
DA:64,0
DA:65,0
DA:66,0
DA:69,0
DA:74,1
DA:75,0
DA:76,0
DA:77,0
DA:80,0
DA:86,1
DA:87,0
DA:88,0
DA:89,0
DA:92,0
DA:97,1
LF:28
LH:8
BRF:0
BRH:0
end_of_record
TN:
SF:D:\Angular5\Project\TopJobs-varun\projects\seeker\src\lib\dialog\add\add.component.ts
FN:13,(anonymous_4)
FN:17,AddComponent
FN:37,(anonymous_6)
FN:40,(anonymous_7)
FN:46,(anonymous_8)
FN:50,(anonymous_9)
FN:54,(anonymous_10)
FNF:7
FNH:1
FNDA:1,(anonymous_4)
FNDA:0,AddComponent
FNDA:0,(anonymous_6)
FNDA:0,(anonymous_7)
FNDA:0,(anonymous_8)
FNDA:0,(anonymous_9)
FNDA:0,(anonymous_10)
DA:13,1
DA:17,0
DA:18,0
DA:23,0
DA:24,0
DA:25,0
DA:37,1
DA:40,1
DA:41,0
DA:46,1
DA:50,1
DA:51,0
DA:54,1
DA:55,0
DA:58,1
LF:15
LH:7
BRDA:41,0,0,0
BRDA:41,0,1,0
BRDA:42,1,0,0
BRDA:42,1,1,0
BRF:4
BRH:0
end_of_record
TN:
SF:D:\Angular5\Project\TopJobs-varun\projects\seeker\src\lib\dialog\delete\delete.component.ts
FN:9,(anonymous_4)
FN:10,DeleteComponent
FN:13,(anonymous_6)
FN:16,(anonymous_7)
FN:20,(anonymous_8)
FNF:5
FNH:1
FNDA:1,(anonymous_4)
FNDA:0,DeleteComponent
FNDA:0,(anonymous_6)
FNDA:0,(anonymous_7)
FNDA:0,(anonymous_8)
DA:9,1
DA:10,0
DA:11,0
DA:13,1
DA:16,1
DA:17,0
DA:20,1
DA:21,0
DA:25,1
LF:9
LH:5
BRF:0
BRH:0
end_of_record
TN:
SF:D:\Angular5\Project\TopJobs-varun\projects\seeker\src\lib\dialog\edit\edit.component.ts
FN:10,(anonymous_4)
FN:11,EditComponent
FN:14,(anonymous_6)
FN:17,(anonymous_7)
FN:20,(anonymous_8)
FN:24,(anonymous_9)
FN:28,(anonymous_10)
FNF:7
FNH:1
FNDA:1,(anonymous_4)
FNDA:0,EditComponent
FNDA:0,(anonymous_6)
FNDA:0,(anonymous_7)
FNDA:0,(anonymous_8)
FNDA:0,(anonymous_9)
FNDA:0,(anonymous_10)
DA:10,1
DA:11,0
DA:12,0
DA:14,1
DA:17,1
DA:20,1
DA:24,1
DA:25,0
DA:28,1
DA:29,0
DA:33,1
LF:11
LH:7
BRF:0
BRH:0
end_of_record
TN:
SF:D:\Angular5\Project\TopJobs-varun\projects\seeker\src\lib\jobs\jobs.component.ts
FN:8,(anonymous_2)
FN:11,JobsComponent
FN:13,(anonymous_4)
FNF:3
FNH:1
FNDA:1,(anonymous_2)
FNDA:0,JobsComponent
FNDA:0,(anonymous_4)
DA:8,1
DA:13,1
DA:16,1
LF:3
LH:3
BRF:0
BRH:0
end_of_record
TN:
SF:D:\Angular5\Project\TopJobs-varun\projects\seeker\src\lib\layout\content\content.component.ts
FN:8,(anonymous_2)
FN:10,ContentComponent
FN:12,(anonymous_4)
FNF:3
FNH:3
FNDA:1,(anonymous_2)
FNDA:1,ContentComponent
FNDA:1,(anonymous_4)
DA:8,1
DA:12,1
DA:15,1
LF:3
LH:3
BRF:0
BRH:0
end_of_record
TN:
SF:D:\Angular5\Project\TopJobs-varun\projects\seeker\src\lib\layout\footer\footer.component.ts
FN:8,(anonymous_2)
FN:10,FooterComponent
FN:12,(anonymous_4)
FNF:3
FNH:3
FNDA:1,(anonymous_2)
FNDA:1,FooterComponent
FNDA:1,(anonymous_4)
DA:8,1
DA:11,1
DA:12,1
DA:15,1
LF:4
LH:4
BRF:0
BRH:0
end_of_record
TN:
SF:D:\Angular5\Project\TopJobs-varun\projects\seeker\src\lib\layout\header\header.component.ts
FN:9,(anonymous_2)
FN:11,HeaderComponent
FN:13,(anonymous_4)
FN:15,(anonymous_5)
FNF:4
FNH:1
FNDA:1,(anonymous_2)
FNDA:0,HeaderComponent
FNDA:0,(anonymous_4)
FNDA:0,(anonymous_5)
DA:9,1
DA:11,0
DA:13,1
DA:15,1
DA:16,0
DA:19,1
LF:6
LH:4
BRF:0
BRH:0
end_of_record
TN:
SF:D:\Angular5\Project\TopJobs-varun\projects\seeker\src\lib\models\Issue.ts
FN:1,(anonymous_0)
FNF:1
FNH:1
FNDA:1,(anonymous_0)
DA:1,1
DA:8,1
LF:2
LH:2
BRF:0
BRH:0
end_of_record
TN:
SF:D:\Angular5\Project\TopJobs-varun\projects\seeker\src\lib\resume\resume.component.ts
FN:20,(anonymous_8)
FN:51,ResumeComponent
FN:58,(anonymous_10)
FN:66,(anonymous_11)
FN:84,(anonymous_12)
FN:105,(anonymous_13)
FN:113,(anonymous_14)
FN:119,(anonymous_15)
FN:122,(anonymous_16)
FN:127,(anonymous_17)
FN:131,(anonymous_18)
FN:136,(anonymous_19)
FN:145,(anonymous_20)
FN:154,(anonymous_21)
FN:157,(anonymous_22)
FN:166,(anonymous_23)
FN:173,(anonymous_24)
FN:175,(anonymous_25)
FN:184,(anonymous_26)
FN:192,(anonymous_27)
FN:198,(anonymous_28)
FN:207,(anonymous_29)
FN:221,ExampleDataSource
FN:226,(anonymous_31)
FN:210,(anonymous_32)
FN:214,(anonymous_33)
FN:230,(anonymous_34)
FN:242,(anonymous_35)
FN:244,(anonymous_36)
FN:260,(anonymous_37)
FN:264,(anonymous_38)
FN:269,(anonymous_39)
FNF:32
FNH:2
FNDA:1,(anonymous_8)
FNDA:0,ResumeComponent
FNDA:0,(anonymous_10)
FNDA:0,(anonymous_11)
FNDA:0,(anonymous_12)
FNDA:0,(anonymous_13)
FNDA:0,(anonymous_14)
FNDA:0,(anonymous_15)
FNDA:0,(anonymous_16)
FNDA:0,(anonymous_17)
FNDA:0,(anonymous_18)
FNDA:0,(anonymous_19)
FNDA:0,(anonymous_20)
FNDA:0,(anonymous_21)
FNDA:0,(anonymous_22)
FNDA:0,(anonymous_23)
FNDA:0,(anonymous_24)
FNDA:0,(anonymous_25)
FNDA:0,(anonymous_26)
FNDA:0,(anonymous_27)
FNDA:0,(anonymous_28)
FNDA:1,(anonymous_29)
FNDA:0,ExampleDataSource
FNDA:0,(anonymous_31)
FNDA:0,(anonymous_32)
FNDA:0,(anonymous_33)
FNDA:0,(anonymous_34)
FNDA:0,(anonymous_35)
FNDA:0,(anonymous_36)
FNDA:0,(anonymous_37)
FNDA:0,(anonymous_38)
FNDA:0,(anonymous_39)
DA:20,1
DA:25,0
DA:29,0
DA:37,0
DA:38,0
DA:39,0
DA:40,0
DA:41,0
DA:42,0
DA:44,0
DA:45,0
DA:47,1
DA:48,1
DA:51,0
DA:52,0
DA:53,0
DA:56,0
DA:58,0
DA:60,1
DA:61,1
DA:62,1
DA:66,1
DA:69,0
DA:71,0
DA:74,0
DA:78,0
DA:84,1
DA:87,0
DA:88,0
DA:89,0
DA:92,0
DA:93,0
DA:97,0
DA:98,0
DA:101,0
DA:105,1
DA:106,0
DA:108,0
DA:109,0
DA:113,1
DA:114,0
DA:115,0
DA:116,0
DA:119,1
DA:120,0
DA:122,0
DA:127,1
DA:128,0
DA:131,1
DA:132,0
DA:136,0
DA:137,0
DA:140,0
DA:141,0
DA:145,1
DA:146,0
DA:148,0
DA:149,0
DA:150,0
DA:154,0
DA:155,0
DA:157,0
DA:159,0
DA:161,0
DA:166,1
DA:167,0
DA:168,0
DA:169,0
DA:173,0
DA:174,0
DA:175,0
DA:177,0
DA:178,0
DA:184,1
DA:188,0
DA:192,1
DA:193,0
DA:194,0
DA:195,0
DA:199,0
DA:200,0
DA:202,0
DA:205,1
DA:207,1
DA:208,0
DA:210,1
DA:211,0
DA:215,0
DA:218,0
DA:219,0
DA:221,0
DA:222,0
DA:223,0
DA:224,0
DA:226,0
DA:230,1
DA:232,0
DA:239,0
DA:242,0
DA:244,0
DA:245,0
DA:246,0
DA:250,0
DA:253,0
DA:254,0
DA:255,0
DA:260,1
DA:264,1
DA:265,0
DA:266,0
DA:269,0
DA:270,0
DA:271,0
DA:273,0
DA:274,0
DA:275,0
DA:276,0
DA:277,0
DA:278,0
DA:279,0
DA:282,0
DA:283,0
DA:285,0
DA:291,1
LF:124
LH:24
BRDA:58,0,0,0
BRDA:58,0,1,0
BRDA:87,1,0,0
BRDA:87,1,1,0
BRDA:92,2,0,0
BRDA:92,2,1,0
BRDA:92,3,0,0
BRDA:92,3,1,0
BRDA:97,4,0,0
BRDA:97,4,1,0
BRDA:108,5,0,0
BRDA:108,5,1,0
BRDA:137,6,0,0
BRDA:137,6,1,0
BRDA:155,7,0,0
BRDA:155,7,1,0
BRDA:174,8,0,0
BRDA:174,8,1,0
BRDA:199,9,0,0
BRDA:199,9,1,0
BRDA:224,10,0,0
BRDA:224,10,1,0
BRDA:265,11,0,0
BRDA:265,11,1,0
BRDA:265,12,0,0
BRDA:265,12,1,0
BRDA:274,13,0,0
BRDA:274,13,1,0
BRDA:274,13,2,0
BRDA:274,13,3,0
BRDA:274,13,4,0
BRDA:274,13,5,0
BRDA:282,14,0,0
BRDA:282,14,1,0
BRDA:283,15,0,0
BRDA:283,15,1,0
BRDA:285,16,0,0
BRDA:285,16,1,0
BRDA:285,17,0,0
BRDA:285,17,1,0
BRF:40
BRH:0
end_of_record
