TN:
SF:D:\Angular5\Project\TopJobs-varun\projects\seeker\src\public_api.ts
FNF:0
FNH:0
LF:0
LH:0
BRF:0
BRH:0
end_of_record
TN:
SF:D:\Angular5\Project\TopJobs-varun\projects\seeker\src\test.ts
FNF:0
FNH:0
DA:15,1
DA:20,1
DA:22,1
LF:3
LH:3
BRF:0
BRH:0
end_of_record
TN:
SF:D:\Angular5\Project\TopJobs-varun\projects\seeker\src\lib\seeker-routing.module.ts
FN:31,(anonymous_1)
FNF:1
FNH:1
FNDA:13,(anonymous_1)
DA:12,1
DA:31,1
LF:2
LH:2
BRF:0
BRH:0
end_of_record
TN:
SF:D:\Angular5\Project\TopJobs-varun\projects\seeker\src\lib\seeker.component.ts
FN:12,(anonymous_2)
FN:14,SeekerComponent
FN:16,(anonymous_4)
FNF:3
FNH:1
FNDA:1,(anonymous_2)
FNDA:0,SeekerComponent
FNDA:0,(anonymous_4)
DA:12,1
DA:16,1
DA:19,1
LF:3
LH:3
BRF:0
BRH:0
end_of_record
TN:
SF:D:\Angular5\Project\TopJobs-varun\projects\seeker\src\lib\seeker.module.ts
FN:89,(anonymous_1)
FNF:1
FNH:1
FNDA:1,(anonymous_1)
DA:89,1
LF:1
LH:1
BRF:0
BRH:0
end_of_record
TN:
SF:D:\Angular5\Project\TopJobs-varun\projects\seeker\src\lib\seeker.service.ts
FN:10,(anonymous_2)
FN:11,SeekerService
FN:13,(anonymous_4)
FN:30,(anonymous_5)
FN:36,(anonymous_6)
FN:37,(anonymous_7)
FN:40,(anonymous_8)
FN:63,(anonymous_9)
FN:64,(anonymous_10)
FN:68,(anonymous_11)
FN:74,(anonymous_12)
FN:75,(anonymous_13)
FN:79,(anonymous_14)
FN:86,(anonymous_15)
FN:87,(anonymous_16)
FN:91,(anonymous_17)
FNF:16
FNH:4
FNDA:1,(anonymous_2)
FNDA:38,SeekerService
FNDA:24,(anonymous_4)
FNDA:0,(anonymous_5)
FNDA:12,(anonymous_6)
FNDA:0,(anonymous_7)
FNDA:0,(anonymous_8)
FNDA:0,(anonymous_9)
FNDA:0,(anonymous_10)
FNDA:0,(anonymous_11)
FNDA:0,(anonymous_12)
FNDA:0,(anonymous_13)
FNDA:0,(anonymous_14)
FNDA:0,(anonymous_15)
FNDA:0,(anonymous_16)
FNDA:0,(anonymous_17)
DA:10,1
DA:11,38
DA:13,1
DA:14,24
DA:16,38
DA:20,38
DA:30,1
DA:31,0
DA:36,12
DA:37,12
DA:38,0
DA:41,0
DA:63,1
DA:64,0
DA:65,0
DA:66,0
DA:69,0
DA:74,1
DA:75,0
DA:76,0
DA:77,0
DA:80,0
DA:86,1
DA:87,0
DA:88,0
DA:89,0
DA:92,0
DA:97,1
LF:28
LH:13
BRF:0
BRH:0
end_of_record
TN:
SF:D:\Angular5\Project\TopJobs-varun\projects\seeker\src\lib\dialog\add\add.component.ts
FN:13,(anonymous_4)
FN:17,AddComponent
FN:37,(anonymous_6)
FN:40,(anonymous_7)
FN:46,(anonymous_8)
FN:50,(anonymous_9)
FN:54,(anonymous_10)
FNF:7
FNH:1
FNDA:1,(anonymous_4)
FNDA:0,AddComponent
FNDA:0,(anonymous_6)
FNDA:0,(anonymous_7)
FNDA:0,(anonymous_8)
FNDA:0,(anonymous_9)
FNDA:0,(anonymous_10)
DA:13,1
DA:17,0
DA:18,0
DA:23,0
DA:24,0
DA:25,0
DA:37,1
DA:40,1
DA:41,0
DA:46,1
DA:50,1
DA:51,0
DA:54,1
DA:55,0
DA:58,1
LF:15
LH:7
BRDA:41,0,0,0
BRDA:41,0,1,0
BRDA:42,1,0,0
BRDA:42,1,1,0
BRF:4
BRH:0
end_of_record
TN:
SF:D:\Angular5\Project\TopJobs-varun\projects\seeker\src\lib\dialog\delete\delete.component.ts
FN:9,(anonymous_4)
FN:10,DeleteComponent
FN:13,(anonymous_6)
FN:16,(anonymous_7)
FN:20,(anonymous_8)
FNF:5
FNH:1
FNDA:1,(anonymous_4)
FNDA:0,DeleteComponent
FNDA:0,(anonymous_6)
FNDA:0,(anonymous_7)
FNDA:0,(anonymous_8)
DA:9,1
DA:10,0
DA:11,0
DA:13,1
DA:16,1
DA:17,0
DA:20,1
DA:21,0
DA:25,1
LF:9
LH:5
BRF:0
BRH:0
end_of_record
TN:
SF:D:\Angular5\Project\TopJobs-varun\projects\seeker\src\lib\dialog\edit\edit.component.ts
FN:10,(anonymous_4)
FN:11,EditComponent
FN:14,(anonymous_6)
FN:17,(anonymous_7)
FN:20,(anonymous_8)
FN:24,(anonymous_9)
FN:28,(anonymous_10)
FNF:7
FNH:1
FNDA:1,(anonymous_4)
FNDA:0,EditComponent
FNDA:0,(anonymous_6)
FNDA:0,(anonymous_7)
FNDA:0,(anonymous_8)
FNDA:0,(anonymous_9)
FNDA:0,(anonymous_10)
DA:10,1
DA:11,0
DA:12,0
DA:14,1
DA:17,1
DA:20,1
DA:24,1
DA:25,0
DA:28,1
DA:29,0
DA:33,1
LF:11
LH:7
BRF:0
BRH:0
end_of_record
TN:
SF:D:\Angular5\Project\TopJobs-varun\projects\seeker\src\lib\jobs\jobs.component.ts
FN:8,(anonymous_2)
FN:11,JobsComponent
FN:13,(anonymous_4)
FNF:3
FNH:1
FNDA:1,(anonymous_2)
FNDA:0,JobsComponent
FNDA:0,(anonymous_4)
DA:8,1
DA:13,1
DA:16,1
LF:3
LH:3
BRF:0
BRH:0
end_of_record
TN:
SF:D:\Angular5\Project\TopJobs-varun\projects\seeker\src\lib\layout\content\content.component.ts
FN:8,(anonymous_2)
FN:10,ContentComponent
FN:12,(anonymous_4)
FNF:3
FNH:1
FNDA:1,(anonymous_2)
FNDA:0,ContentComponent
FNDA:0,(anonymous_4)
DA:8,1
DA:12,1
DA:15,1
LF:3
LH:3
BRF:0
BRH:0
end_of_record
TN:
SF:D:\Angular5\Project\TopJobs-varun\projects\seeker\src\lib\layout\footer\footer.component.ts
FN:8,(anonymous_2)
FN:10,FooterComponent
FN:12,(anonymous_4)
FNF:3
FNH:1
FNDA:1,(anonymous_2)
FNDA:0,FooterComponent
FNDA:0,(anonymous_4)
DA:8,1
DA:11,0
DA:12,1
DA:15,1
LF:4
LH:3
BRF:0
BRH:0
end_of_record
TN:
SF:D:\Angular5\Project\TopJobs-varun\projects\seeker\src\lib\layout\header\header.component.ts
FN:9,(anonymous_2)
FN:11,HeaderComponent
FN:13,(anonymous_4)
FN:15,(anonymous_5)
FNF:4
FNH:1
FNDA:1,(anonymous_2)
FNDA:0,HeaderComponent
FNDA:0,(anonymous_4)
FNDA:0,(anonymous_5)
DA:9,1
DA:11,0
DA:13,1
DA:15,1
DA:16,0
DA:19,1
LF:6
LH:4
BRF:0
BRH:0
end_of_record
TN:
SF:D:\Angular5\Project\TopJobs-varun\projects\seeker\src\lib\models\Issue.ts
FN:1,(anonymous_0)
FNF:1
FNH:1
FNDA:1,(anonymous_0)
DA:1,1
DA:8,1
LF:2
LH:2
BRF:0
BRH:0
end_of_record
TN:
SF:D:\Angular5\Project\TopJobs-varun\projects\seeker\src\lib\resume\resume.component.ts
FN:21,(anonymous_8)
FN:52,ResumeComponent
FN:59,(anonymous_10)
FN:67,(anonymous_11)
FN:85,(anonymous_12)
FN:106,(anonymous_13)
FN:114,(anonymous_14)
FN:120,(anonymous_15)
FN:123,(anonymous_16)
FN:128,(anonymous_17)
FN:132,(anonymous_18)
FN:137,(anonymous_19)
FN:146,(anonymous_20)
FN:155,(anonymous_21)
FN:158,(anonymous_22)
FN:167,(anonymous_23)
FN:174,(anonymous_24)
FN:176,(anonymous_25)
FN:185,(anonymous_26)
FN:193,(anonymous_27)
FN:199,(anonymous_28)
FN:208,(anonymous_29)
FN:222,ExampleDataSource
FN:227,(anonymous_31)
FN:211,(anonymous_32)
FN:215,(anonymous_33)
FN:231,(anonymous_34)
FN:243,(anonymous_35)
FN:245,(anonymous_36)
FN:261,(anonymous_37)
FN:265,(anonymous_38)
FN:270,(anonymous_39)
FNF:32
FNH:19
FNDA:1,(anonymous_8)
FNDA:24,ResumeComponent
FNDA:12,(anonymous_10)
FNDA:12,(anonymous_11)
FNDA:1,(anonymous_12)
FNDA:1,(anonymous_13)
FNDA:1,(anonymous_14)
FNDA:0,(anonymous_15)
FNDA:0,(anonymous_16)
FNDA:1,(anonymous_17)
FNDA:1,(anonymous_18)
FNDA:0,(anonymous_19)
FNDA:1,(anonymous_20)
FNDA:0,(anonymous_21)
FNDA:0,(anonymous_22)
FNDA:1,(anonymous_23)
FNDA:0,(anonymous_24)
FNDA:0,(anonymous_25)
FNDA:0,(anonymous_26)
FNDA:14,(anonymous_27)
FNDA:0,(anonymous_28)
FNDA:1,(anonymous_29)
FNDA:14,ExampleDataSource
FNDA:14,(anonymous_31)
FNDA:0,(anonymous_32)
FNDA:0,(anonymous_33)
FNDA:12,(anonymous_34)
FNDA:24,(anonymous_35)
FNDA:0,(anonymous_36)
FNDA:11,(anonymous_37)
FNDA:24,(anonymous_38)
FNDA:0,(anonymous_39)
DA:21,1
DA:26,24
DA:30,24
DA:38,24
DA:39,24
DA:40,24
DA:41,24
DA:42,24
DA:43,24
DA:45,24
DA:46,24
DA:48,1
DA:49,1
DA:52,24
DA:53,24
DA:54,24
DA:57,24
DA:59,12
DA:61,1
DA:62,1
DA:63,1
DA:67,1
DA:70,12
DA:72,12
DA:75,12
DA:79,12
DA:85,1
DA:88,1
DA:89,1
DA:90,0
DA:93,0
DA:94,0
DA:98,0
DA:99,0
DA:102,0
DA:106,1
DA:107,1
DA:109,1
DA:110,0
DA:114,1
DA:115,1
DA:116,0
DA:117,0
DA:120,1
DA:121,0
DA:123,0
DA:128,1
DA:129,1
DA:132,1
DA:133,1
DA:137,0
DA:138,0
DA:141,0
DA:142,0
DA:146,1
DA:147,1
DA:149,1
DA:150,1
DA:151,1
DA:155,0
DA:156,0
DA:158,0
DA:160,0
DA:162,0
DA:167,1
DA:168,1
DA:169,1
DA:170,1
DA:174,0
DA:175,0
DA:176,0
DA:178,0
DA:179,0
DA:185,1
DA:189,0
DA:193,14
DA:194,14
DA:195,14
DA:196,14
DA:200,0
DA:201,0
DA:203,0
DA:206,1
DA:208,1
DA:209,14
DA:211,1
DA:212,0
DA:216,0
DA:219,14
DA:220,14
DA:222,14
DA:223,14
DA:224,14
DA:225,14
DA:227,14
DA:231,12
DA:233,12
DA:240,12
DA:243,12
DA:245,24
DA:246,0
DA:247,0
DA:251,24
DA:254,24
DA:255,24
DA:256,24
DA:261,1
DA:265,24
DA:266,24
DA:267,24
DA:270,0
DA:271,0
DA:272,0
DA:274,0
DA:275,0
DA:276,0
DA:277,0
DA:278,0
DA:279,0
DA:280,0
DA:283,0
DA:284,0
DA:286,0
DA:292,1
LF:124
LH:78
BRDA:59,0,0,0
BRDA:59,0,1,12
BRDA:88,1,0,1
BRDA:88,1,1,0
BRDA:93,2,0,0
BRDA:93,2,1,0
BRDA:93,3,0,0
BRDA:93,3,1,0
BRDA:98,4,0,0
BRDA:98,4,1,0
BRDA:109,5,0,0
BRDA:109,5,1,1
BRDA:138,6,0,0
BRDA:138,6,1,0
BRDA:156,7,0,0
BRDA:156,7,1,0
BRDA:175,8,0,0
BRDA:175,8,1,0
BRDA:200,9,0,0
BRDA:200,9,1,0
BRDA:225,10,0,14
BRDA:225,10,1,14
BRDA:266,11,0,24
BRDA:266,11,1,0
BRDA:266,12,0,24
BRDA:266,12,1,0
BRDA:275,13,0,0
BRDA:275,13,1,0
BRDA:275,13,2,0
BRDA:275,13,3,0
BRDA:275,13,4,0
BRDA:275,13,5,0
BRDA:283,14,0,0
BRDA:283,14,1,0
BRDA:284,15,0,0
BRDA:284,15,1,0
BRDA:286,16,0,0
BRDA:286,16,1,0
BRDA:286,17,0,0
BRDA:286,17,1,0
BRF:40
BRH:7
end_of_record
