TN:
SF:D:\Angular5\Project\TopJobs-varun\projects\employeer\src\test.ts
FNF:0
FNH:0
DA:15,1
DA:20,1
DA:22,1
LF:3
LH:3
BRF:0
BRH:0
end_of_record
TN:
SF:D:\Angular5\Project\TopJobs-varun\projects\employeer\src\lib\employeer.component.ts
FN:13,(anonymous_2)
FN:15,EmployeerComponent
FN:17,(anonymous_4)
FNF:3
FNH:1
FNDA:1,(anonymous_2)
FNDA:0,EmployeerComponent
FNDA:0,(anonymous_4)
DA:13,1
DA:17,1
DA:20,1
LF:3
LH:3
BRF:0
BRH:0
end_of_record
TN:
SF:D:\Angular5\Project\TopJobs-varun\projects\employeer\src\lib\candidate-list\candidate-list.component.ts
FN:19,(anonymous_4)
FN:31,CandidateListComponent
FN:34,(anonymous_6)
FN:39,(anonymous_7)
FN:43,(anonymous_8)
FN:56,(anonymous_9)
FN:62,(anonymous_10)
FN:71,(anonymous_11)
FN:72,(anonymous_12)
FN:90,(anonymous_13)
FN:105,ResumeContentDialog
FN:114,(anonymous_15)
FN:117,(anonymous_16)
FN:145,(anonymous_17)
FN:156,(anonymous_18)
FN:160,(anonymous_19)
FN:168,(anonymous_20)
FN:181,(anonymous_21)
FN:182,(anonymous_22)
FN:210,(anonymous_23)
FN:220,(anonymous_24)
FN:243,(anonymous_25)
FNF:22
FNH:2
FNDA:1,(anonymous_4)
FNDA:0,CandidateListComponent
FNDA:0,(anonymous_6)
FNDA:0,(anonymous_7)
FNDA:0,(anonymous_8)
FNDA:0,(anonymous_9)
FNDA:0,(anonymous_10)
FNDA:0,(anonymous_11)
FNDA:0,(anonymous_12)
FNDA:1,(anonymous_13)
FNDA:0,ResumeContentDialog
FNDA:0,(anonymous_15)
FNDA:0,(anonymous_16)
FNDA:0,(anonymous_17)
FNDA:0,(anonymous_18)
FNDA:0,(anonymous_19)
FNDA:0,(anonymous_20)
FNDA:0,(anonymous_21)
FNDA:0,(anonymous_22)
FNDA:0,(anonymous_23)
FNDA:0,(anonymous_24)
FNDA:0,(anonymous_25)
DA:19,1
DA:22,1
DA:23,0
DA:27,0
DA:31,0
DA:34,1
DA:35,0
DA:36,0
DA:37,0
DA:39,1
DA:42,0
DA:43,0
DA:44,0
DA:45,0
DA:46,0
DA:50,0
DA:56,1
DA:57,0
DA:60,0
DA:62,0
DA:63,0
DA:65,0
DA:66,0
DA:71,1
DA:72,0
DA:73,0
DA:77,1
DA:90,1
DA:92,1
DA:97,1
DA:105,0
DA:106,0
DA:107,0
DA:114,1
DA:115,0
DA:117,1
DA:118,0
DA:121,0
DA:131,0
DA:145,1
DA:146,0
DA:156,1
DA:157,0
DA:160,1
DA:161,0
DA:168,0
DA:169,0
DA:170,0
DA:181,1
DA:182,0
DA:192,0
DA:193,0
DA:194,0
DA:207,0
DA:210,1
DA:220,0
DA:221,0
DA:243,1
DA:244,0
DA:247,1
LF:60
LH:19
BRDA:65,0,0,0
BRDA:65,0,1,0
BRF:2
BRH:0
end_of_record
TN:
SF:D:\Angular5\Project\TopJobs-varun\projects\employeer\src\lib\layout\content\content.component.ts
FN:8,(anonymous_2)
FN:10,ContentComponent
FN:12,(anonymous_4)
FNF:3
FNH:3
FNDA:1,(anonymous_2)
FNDA:1,ContentComponent
FNDA:1,(anonymous_4)
DA:8,1
DA:12,1
DA:15,1
LF:3
LH:3
BRF:0
BRH:0
end_of_record
TN:
SF:D:\Angular5\Project\TopJobs-varun\projects\employeer\src\lib\layout\footer\footer.component.ts
FN:8,(anonymous_2)
FN:10,FooterComponent
FN:14,(anonymous_4)
FNF:3
FNH:3
FNDA:1,(anonymous_2)
FNDA:1,FooterComponent
FNDA:1,(anonymous_4)
DA:8,1
DA:12,1
DA:14,1
DA:16,1
LF:4
LH:4
BRF:0
BRH:0
end_of_record
TN:
SF:D:\Angular5\Project\TopJobs-varun\projects\employeer\src\lib\layout\header\header.component.ts
FN:9,(anonymous_2)
FN:11,HeaderComponent
FN:13,(anonymous_4)
FN:17,(anonymous_5)
FN:20,(anonymous_6)
FN:23,(anonymous_7)
FNF:6
FNH:1
FNDA:1,(anonymous_2)
FNDA:0,HeaderComponent
FNDA:0,(anonymous_4)
FNDA:0,(anonymous_5)
FNDA:0,(anonymous_6)
FNDA:0,(anonymous_7)
DA:9,1
DA:11,0
DA:13,1
DA:14,0
DA:15,0
DA:17,1
DA:18,0
DA:20,1
DA:21,0
DA:23,1
DA:24,0
DA:26,1
LF:12
LH:6
BRF:0
BRH:0
end_of_record
TN:
SF:D:\Angular5\Project\TopJobs-varun\projects\employeer\src\lib\models\job-application.ts
FN:1,(anonymous_0)
FNF:1
FNH:1
FNDA:1,(anonymous_0)
DA:1,1
DA:11,1
LF:2
LH:2
BRF:0
BRH:0
end_of_record
TN:
SF:D:\Angular5\Project\TopJobs-varun\projects\employeer\src\lib\new-job\new-job.component.ts
FN:13,(anonymous_2)
FN:18,NewJobComponent
FN:61,(anonymous_4)
FN:67,(anonymous_5)
FN:82,(anonymous_6)
FNF:5
FNH:1
FNDA:1,(anonymous_2)
FNDA:0,NewJobComponent
FNDA:0,(anonymous_4)
FNDA:0,(anonymous_5)
FNDA:0,(anonymous_6)
DA:13,1
DA:17,0
DA:18,0
DA:21,0
DA:23,0
DA:29,0
DA:52,0
DA:61,1
DA:62,0
DA:67,1
DA:68,0
DA:70,0
DA:71,0
DA:72,0
DA:73,0
DA:74,0
DA:75,0
DA:76,0
DA:78,0
DA:79,0
DA:80,0
DA:82,0
DA:83,0
DA:84,0
DA:85,0
DA:89,1
LF:26
LH:4
BRDA:78,0,0,0
BRDA:78,0,1,0
BRF:2
BRH:0
end_of_record
TN:
SF:D:\Angular5\Project\TopJobs-varun\projects\employeer\src\lib\posted-jobs\posted-jobs.component.ts
FN:21,(anonymous_2)
FN:32,PostedJobsComponent
FN:35,(anonymous_4)
FN:42,(anonymous_5)
FN:44,(anonymous_6)
FN:55,(anonymous_7)
FN:56,(anonymous_8)
FNF:7
FNH:1
FNDA:1,(anonymous_2)
FNDA:0,PostedJobsComponent
FNDA:0,(anonymous_4)
FNDA:0,(anonymous_5)
FNDA:0,(anonymous_6)
FNDA:0,(anonymous_7)
FNDA:0,(anonymous_8)
DA:21,1
DA:26,0
DA:27,0
DA:28,0
DA:30,0
DA:32,0
DA:35,1
DA:36,0
DA:37,0
DA:39,0
DA:42,1
DA:43,0
DA:44,0
DA:46,0
DA:47,0
DA:48,0
DA:52,0
DA:55,1
DA:56,0
DA:57,0
DA:59,0
DA:61,1
LF:22
LH:5
BRF:0
BRH:0
end_of_record
TN:
SF:D:\Angular5\Project\TopJobs-varun\projects\employeer\src\lib\services\employeer.service.ts
FN:14,(anonymous_2)
FN:19,EmployeerService
FN:21,(anonymous_4)
FN:22,(anonymous_5)
FN:22,(anonymous_6)
FNF:5
FNH:1
FNDA:1,(anonymous_2)
FNDA:0,EmployeerService
FNDA:0,(anonymous_4)
FNDA:0,(anonymous_5)
FNDA:0,(anonymous_6)
DA:14,1
DA:17,0
DA:19,0
DA:21,1
DA:22,0
DA:23,0
DA:24,0
DA:27,1
LF:8
LH:3
BRF:0
BRH:0
end_of_record
TN:
SF:D:\Angular5\Project\TopJobs-varun\projects\employeer\src\lib\services\job-application.service.ts
FN:8,(anonymous_2)
FN:10,JobApplicationService
FN:15,(anonymous_4)
FN:19,(anonymous_5)
FN:23,(anonymous_6)
FNF:5
FNH:1
FNDA:1,(anonymous_2)
FNDA:0,JobApplicationService
FNDA:0,(anonymous_4)
FNDA:0,(anonymous_5)
FNDA:0,(anonymous_6)
DA:8,1
DA:10,0
DA:12,0
DA:15,1
DA:16,0
DA:17,0
DA:19,1
DA:21,0
DA:23,1
DA:24,0
DA:26,1
LF:11
LH:5
BRF:0
BRH:0
end_of_record
TN:
SF:D:\Angular5\Project\TopJobs-varun\projects\employeer\src\lib\services\resume.service.ts
FN:13,(anonymous_2)
FN:17,ResumeService
FN:19,(anonymous_4)
FN:22,(anonymous_5)
FN:25,(anonymous_6)
FN:28,(anonymous_7)
FN:31,(anonymous_8)
FNF:7
FNH:1
FNDA:1,(anonymous_2)
FNDA:0,ResumeService
FNDA:0,(anonymous_4)
FNDA:0,(anonymous_5)
FNDA:0,(anonymous_6)
FNDA:0,(anonymous_7)
FNDA:0,(anonymous_8)
DA:13,1
DA:15,0
DA:17,0
DA:19,1
DA:20,0
DA:22,1
DA:23,0
DA:25,1
DA:26,0
DA:28,1
DA:29,0
DA:31,1
DA:32,0
DA:34,1
LF:14
LH:7
BRF:0
BRH:0
end_of_record
TN:
SF:D:\Angular5\Project\TopJobs-varun\projects\employeer\src\lib\services\seeker-service.service.ts
FN:10,(anonymous_2)
FN:12,SeekerServiceService
FN:13,(anonymous_4)
FN:16,(anonymous_5)
FN:19,(anonymous_6)
FNF:5
FNH:1
FNDA:1,(anonymous_2)
FNDA:0,SeekerServiceService
FNDA:0,(anonymous_4)
FNDA:0,(anonymous_5)
FNDA:0,(anonymous_6)
DA:10,1
DA:11,0
DA:12,0
DA:13,1
DA:14,0
DA:16,1
DA:17,0
DA:19,1
DA:20,0
DA:22,1
LF:10
LH:5
BRF:0
BRH:0
end_of_record
TN:
SF:D:\Angular5\Project\TopJobs-varun\projects\employeer\src\lib\shortlisted-candidates\shortlisted-candidates.component.ts
FN:10,(anonymous_2)
FN:11,ShortlistedCandidatesComponent
FN:18,(anonymous_4)
FN:24,(anonymous_5)
FN:28,(anonymous_6)
FN:29,(anonymous_7)
FN:34,(anonymous_8)
FN:36,(anonymous_9)
FNF:8
FNH:1
FNDA:1,(anonymous_2)
FNDA:0,ShortlistedCandidatesComponent
FNDA:0,(anonymous_4)
FNDA:0,(anonymous_5)
FNDA:0,(anonymous_6)
FNDA:0,(anonymous_7)
FNDA:0,(anonymous_8)
FNDA:0,(anonymous_9)
DA:10,1
DA:11,0
DA:13,0
DA:14,0
DA:18,1
DA:19,0
DA:20,0
DA:24,1
DA:25,0
DA:26,0
DA:28,1
DA:29,0
DA:30,0
DA:31,0
DA:34,1
DA:35,0
DA:36,0
DA:37,0
DA:40,1
LF:19
LH:6
BRDA:19,0,0,0
BRDA:19,0,1,0
BRF:2
BRH:0
end_of_record
