TN:
SF:D:\Angular5\Project\TopJobs-varun\projects\slogin\src\public_api.ts
FNF:0
FNH:0
LF:0
LH:0
BRF:0
BRH:0
end_of_record
TN:
SF:D:\Angular5\Project\TopJobs-varun\projects\slogin\src\test.ts
FNF:0
FNH:0
DA:15,1
DA:20,1
DA:22,1
LF:3
LH:3
BRF:0
BRH:0
end_of_record
TN:
SF:D:\Angular5\Project\TopJobs-varun\projects\slogin\src\Validations\Username.Validator.ts
FN:3,(anonymous_0)
FN:5,(anonymous_2)
FNF:2
FNH:2
FNDA:1,(anonymous_0)
FNDA:91,(anonymous_2)
DA:3,1
DA:5,1
DA:6,91
DA:7,0
DA:11,91
DA:14,1
LF:6
LH:5
BRDA:6,0,0,0
BRDA:6,0,1,91
BRDA:6,1,0,91
BRDA:6,1,1,91
BRF:4
BRH:3
end_of_record
TN:
SF:D:\Angular5\Project\TopJobs-varun\projects\slogin\src\lib\slogin-routing.module.ts
FN:28,(anonymous_1)
FNF:1
FNH:1
FNDA:1,(anonymous_1)
DA:9,1
DA:28,1
LF:2
LH:2
BRF:0
BRH:0
end_of_record
TN:
SF:D:\Angular5\Project\TopJobs-varun\projects\slogin\src\lib\slogin.component.ts
FN:19,(anonymous_2)
FN:26,SloginComponent
FN:28,(anonymous_4)
FNF:3
FNH:1
FNDA:1,(anonymous_2)
FNDA:0,SloginComponent
FNDA:0,(anonymous_4)
DA:19,1
DA:22,0
DA:28,1
DA:31,1
LF:4
LH:3
BRF:0
BRH:0
end_of_record
TN:
SF:D:\Angular5\Project\TopJobs-varun\projects\slogin\src\lib\slogin.module.ts
FN:67,(anonymous_1)
FNF:1
FNH:1
FNDA:1,(anonymous_1)
DA:67,1
LF:1
LH:1
BRF:0
BRH:0
end_of_record
TN:
SF:D:\Angular5\Project\TopJobs-varun\projects\slogin\src\lib\slogin.service.ts
FN:8,(anonymous_2)
FN:12,SloginService
FN:15,(anonymous_4)
FN:19,(anonymous_5)
FNF:4
FNH:4
FNDA:1,(anonymous_2)
FNDA:29,SloginService
FNDA:1,(anonymous_4)
FNDA:1,(anonymous_5)
DA:8,1
DA:10,29
DA:12,29
DA:15,1
DA:17,1
DA:19,1
DA:21,1
DA:24,1
LF:8
LH:8
BRF:0
BRH:0
end_of_record
TN:
SF:D:\Angular5\Project\TopJobs-varun\projects\slogin\src\lib\login\login.component.ts
FN:13,(anonymous_2)
FN:17,LoginComponentSeeker
FN:22,(anonymous_4)
FN:26,(anonymous_5)
FN:35,(anonymous_6)
FN:40,(anonymous_7)
FN:48,(anonymous_8)
FNF:7
FNH:6
FNDA:1,(anonymous_2)
FNDA:12,LoginComponentSeeker
FNDA:6,(anonymous_4)
FNDA:6,(anonymous_5)
FNDA:1,(anonymous_6)
FNDA:1,(anonymous_7)
FNDA:0,(anonymous_8)
DA:13,1
DA:15,12
DA:17,12
DA:22,1
DA:23,6
DA:26,1
DA:27,6
DA:35,1
DA:36,1
DA:40,1
DA:41,1
DA:42,1
DA:48,1
DA:49,0
DA:50,0
DA:51,0
DA:52,0
DA:54,0
DA:59,1
LF:19
LH:14
BRDA:50,0,0,0
BRDA:50,0,1,0
BRF:2
BRH:0
end_of_record
TN:
SF:D:\Angular5\Project\TopJobs-varun\projects\slogin\src\lib\models\seeker.ts
FN:1,(anonymous_0)
FNF:1
FNH:1
FNDA:55,(anonymous_0)
DA:1,1
DA:17,1
LF:2
LH:2
BRF:0
BRH:0
end_of_record
TN:
SF:D:\Angular5\Project\TopJobs-varun\projects\slogin\src\lib\signup\signup.component.ts
FN:13,(anonymous_2)
FN:98,SignupComponentSeeker
FN:128,(anonymous_4)
FN:132,(anonymous_5)
FN:151,(anonymous_6)
FN:155,(anonymous_7)
FNF:6
FNH:5
FNDA:1,(anonymous_2)
FNDA:42,SignupComponentSeeker
FNDA:21,(anonymous_4)
FNDA:1,(anonymous_5)
FNDA:0,(anonymous_6)
FNDA:84,(anonymous_7)
DA:13,1
DA:14,42
DA:24,42
DA:30,42
DA:37,42
DA:71,42
DA:97,42
DA:98,42
DA:101,42
DA:102,42
DA:128,1
DA:132,1
DA:133,1
DA:134,1
DA:135,1
DA:136,1
DA:137,1
DA:138,1
DA:139,1
DA:140,1
DA:141,1
DA:142,1
DA:143,1
DA:144,1
DA:145,1
DA:146,1
DA:148,1
DA:149,1
DA:151,0
DA:152,0
DA:155,1
DA:156,84
DA:157,84
DA:159,84
DA:160,84
DA:161,42
DA:162,42
DA:163,42
DA:170,42
DA:173,1
LF:40
LH:38
BRDA:148,0,0,1
BRDA:148,0,1,0
BRDA:156,1,0,84
BRDA:156,1,1,0
BRDA:156,2,0,84
BRDA:156,2,1,84
BRDA:156,2,2,0
BRDA:160,3,0,42
BRDA:160,3,1,42
BRDA:162,4,0,42
BRDA:162,4,1,0
BRDA:162,5,0,42
BRDA:162,5,1,42
BRF:13
BRH:9
end_of_record
