TN:
SF:D:\Angular5\Project\TopJobs-varun\projects\slogin\src\test.ts
FNF:0
FNH:0
DA:15,1
DA:20,1
DA:22,1
LF:3
LH:3
BRF:0
BRH:0
end_of_record
TN:
SF:D:\Angular5\Project\TopJobs-varun\projects\slogin\src\Validations\Username.Validator.ts
FN:3,(anonymous_0)
FN:5,(anonymous_2)
FNF:2
FNH:1
FNDA:1,(anonymous_0)
FNDA:0,(anonymous_2)
DA:3,1
DA:5,1
DA:6,0
DA:7,0
DA:11,0
DA:14,1
LF:6
LH:3
BRDA:6,0,0,0
BRDA:6,0,1,0
BRDA:6,1,0,0
BRDA:6,1,1,0
BRF:4
BRH:0
end_of_record
TN:
SF:D:\Angular5\Project\TopJobs-varun\projects\slogin\src\lib\slogin.component.ts
FN:19,(anonymous_2)
FN:26,SloginComponent
FN:28,(anonymous_4)
FNF:3
FNH:1
FNDA:1,(anonymous_2)
FNDA:0,SloginComponent
FNDA:0,(anonymous_4)
DA:19,1
DA:22,0
DA:28,1
DA:31,1
LF:4
LH:3
BRF:0
BRH:0
end_of_record
TN:
SF:D:\Angular5\Project\TopJobs-varun\projects\slogin\src\lib\slogin.service.ts
FN:8,(anonymous_2)
FN:12,SloginService
FN:15,(anonymous_4)
FN:19,(anonymous_5)
FNF:4
FNH:1
FNDA:1,(anonymous_2)
FNDA:0,SloginService
FNDA:0,(anonymous_4)
FNDA:0,(anonymous_5)
DA:8,1
DA:10,0
DA:12,0
DA:15,1
DA:17,0
DA:19,1
DA:21,0
DA:24,1
LF:8
LH:4
BRF:0
BRH:0
end_of_record
TN:
SF:D:\Angular5\Project\TopJobs-varun\projects\slogin\src\lib\login\login.component.ts
FN:17,(anonymous_2)
FN:21,LoginComponentSeeker
FN:26,(anonymous_4)
FN:30,(anonymous_5)
FN:39,(anonymous_6)
FN:44,(anonymous_7)
FN:52,(anonymous_8)
FNF:7
FNH:1
FNDA:1,(anonymous_2)
FNDA:0,LoginComponentSeeker
FNDA:0,(anonymous_4)
FNDA:0,(anonymous_5)
FNDA:0,(anonymous_6)
FNDA:0,(anonymous_7)
FNDA:0,(anonymous_8)
DA:17,1
DA:19,0
DA:21,0
DA:26,1
DA:27,0
DA:30,1
DA:31,0
DA:39,1
DA:40,0
DA:44,1
DA:45,0
DA:46,0
DA:52,0
DA:53,0
DA:54,0
DA:55,0
DA:56,0
DA:58,0
DA:63,1
LF:19
LH:6
BRDA:54,0,0,0
BRDA:54,0,1,0
BRF:2
BRH:0
end_of_record
TN:
SF:D:\Angular5\Project\TopJobs-varun\projects\slogin\src\lib\models\seeker.ts
FN:1,(anonymous_0)
FNF:1
FNH:1
FNDA:1,(anonymous_0)
DA:1,1
DA:17,1
LF:2
LH:2
BRF:0
BRH:0
end_of_record
TN:
SF:D:\Angular5\Project\TopJobs-varun\projects\slogin\src\lib\signup\signup.component.ts
FN:13,(anonymous_2)
FN:98,SignupComponentSeeker
FN:128,(anonymous_4)
FN:132,(anonymous_5)
FN:151,(anonymous_6)
FN:155,(anonymous_7)
FNF:6
FNH:1
FNDA:1,(anonymous_2)
FNDA:0,SignupComponentSeeker
FNDA:0,(anonymous_4)
FNDA:0,(anonymous_5)
FNDA:0,(anonymous_6)
FNDA:0,(anonymous_7)
DA:13,1
DA:14,0
DA:24,0
DA:30,0
DA:37,0
DA:71,0
DA:97,0
DA:98,0
DA:101,0
DA:102,0
DA:128,1
DA:132,1
DA:133,0
DA:134,0
DA:135,0
DA:136,0
DA:137,0
DA:138,0
DA:139,0
DA:140,0
DA:141,0
DA:142,0
DA:143,0
DA:144,0
DA:145,0
DA:146,0
DA:148,0
DA:149,0
DA:151,0
DA:152,0
DA:155,1
DA:156,0
DA:157,0
DA:159,0
DA:160,0
DA:161,0
DA:162,0
DA:163,0
DA:170,0
DA:173,1
LF:40
LH:5
BRDA:148,0,0,0
BRDA:148,0,1,0
BRDA:156,1,0,0
BRDA:156,1,1,0
BRDA:156,2,0,0
BRDA:156,2,1,0
BRDA:156,2,2,0
BRDA:160,3,0,0
BRDA:160,3,1,0
BRDA:162,4,0,0
BRDA:162,4,1,0
BRDA:162,5,0,0
BRDA:162,5,1,0
BRF:13
BRH:0
end_of_record
