TN:
SF:D:\Angular5\Project\TopJobs-varun\projects\elogin\src\public_api.ts
FNF:0
FNH:0
LF:0
LH:0
BRF:0
BRH:0
end_of_record
TN:
SF:D:\Angular5\Project\TopJobs-varun\projects\elogin\src\test.ts
FNF:0
FNH:0
DA:15,1
DA:20,1
DA:22,1
LF:3
LH:3
BRF:0
BRH:0
end_of_record
TN:
SF:D:\Angular5\Project\TopJobs-varun\projects\elogin\src\lib\elogin-routing.module.ts
FN:29,(anonymous_1)
FNF:1
FNH:1
FNDA:2,(anonymous_1)
DA:9,1
DA:29,1
LF:2
LH:2
BRF:0
BRH:0
end_of_record
TN:
SF:D:\Angular5\Project\TopJobs-varun\projects\elogin\src\lib\elogin.component.ts
FN:21,(anonymous_2)
FN:26,EloginComponent
FN:28,(anonymous_4)
FNF:3
FNH:3
FNDA:1,(anonymous_2)
FNDA:1,EloginComponent
FNDA:1,(anonymous_4)
DA:21,1
DA:22,1
DA:28,1
DA:31,1
LF:4
LH:4
BRF:0
BRH:0
end_of_record
TN:
SF:D:\Angular5\Project\TopJobs-varun\projects\elogin\src\lib\elogin.module.ts
FN:68,(anonymous_1)
FNF:1
FNH:1
FNDA:1,(anonymous_1)
DA:68,1
LF:1
LH:1
BRF:0
BRH:0
end_of_record
TN:
SF:D:\Angular5\Project\TopJobs-varun\projects\elogin\src\lib\elogin.service.ts
FN:6,(anonymous_2)
FN:8,EloginService
FNF:2
FNH:2
FNDA:1,(anonymous_2)
FNDA:1,EloginService
DA:6,1
DA:9,1
LF:2
LH:2
BRF:0
BRH:0
end_of_record
TN:
SF:D:\Angular5\Project\TopJobs-varun\projects\elogin\src\lib\login\login.component.ts
FN:14,(anonymous_2)
FN:20,LoginComponent
FN:22,(anonymous_4)
FN:36,(anonymous_5)
FN:38,(anonymous_6)
FN:55,(anonymous_7)
FN:74,(anonymous_8)
FN:79,MustMatch
FN:80,(anonymous_10)
FNF:9
FNH:7
FNDA:1,(anonymous_2)
FNDA:20,LoginComponent
FNDA:10,(anonymous_4)
FNDA:0,(anonymous_5)
FNDA:1,(anonymous_6)
FNDA:0,(anonymous_7)
FNDA:1,(anonymous_8)
FNDA:10,MustMatch
FNDA:121,(anonymous_10)
DA:14,1
DA:16,20
DA:17,20
DA:18,20
DA:20,20
DA:22,1
DA:23,10
DA:36,1
DA:38,1
DA:39,1
DA:40,1
DA:41,1
DA:42,1
DA:43,1
DA:44,1
DA:45,1
DA:55,1
DA:56,0
DA:57,0
DA:58,0
DA:61,0
DA:68,0
DA:69,0
DA:74,1
DA:76,1
DA:78,1
DA:80,10
DA:81,121
DA:82,121
DA:84,121
DA:86,121
DA:90,0
DA:91,0
DA:93,0
LF:34
LH:25
BRDA:58,0,0,0
BRDA:58,0,1,0
BRDA:84,1,0,121
BRDA:84,1,1,0
BRDA:84,2,0,121
BRDA:84,2,1,121
BRDA:90,3,0,0
BRDA:90,3,1,0
BRF:8
BRH:3
end_of_record
TN:
SF:D:\Angular5\Project\TopJobs-varun\projects\elogin\src\lib\services\login-signup.service.ts
FN:20,(anonymous_2)
FN:22,LoginSignupService
FN:25,(anonymous_4)
FN:29,(anonymous_5)
FN:33,(anonymous_6)
FNF:5
FNH:5
FNDA:1,(anonymous_2)
FNDA:3,LoginSignupService
FNDA:1,(anonymous_4)
FNDA:1,(anonymous_5)
FNDA:1,(anonymous_6)
DA:20,1
DA:22,3
DA:23,3
DA:25,1
DA:26,1
DA:29,1
DA:30,1
DA:33,1
DA:34,1
DA:37,1
LF:10
LH:10
BRF:0
BRH:0
end_of_record
TN:
SF:D:\Angular5\Project\TopJobs-varun\projects\elogin\src\lib\services\login-signup.ts
FN:1,(anonymous_0)
FNF:1
FNH:1
FNDA:33,(anonymous_0)
DA:1,1
DA:10,1
LF:2
LH:2
BRF:0
BRH:0
end_of_record
TN:
SF:D:\Angular5\Project\TopJobs-varun\projects\elogin\src\lib\services\subscription-fee-details.ts
FN:1,(anonymous_0)
FNF:1
FNH:1
FNDA:17,(anonymous_0)
DA:1,1
DA:7,1
LF:2
LH:2
BRF:0
BRH:0
end_of_record
TN:
SF:D:\Angular5\Project\TopJobs-varun\projects\elogin\src\lib\signup\signup.component.ts
FN:15,(anonymous_2)
FN:23,SignupComponent
FN:25,(anonymous_4)
FN:30,(anonymous_5)
FN:36,(anonymous_6)
FN:38,(anonymous_7)
FN:46,(anonymous_8)
FN:63,(anonymous_9)
FNF:8
FNH:6
FNDA:1,(anonymous_2)
FNDA:12,SignupComponent
FNDA:6,(anonymous_4)
FNDA:6,(anonymous_5)
FNDA:0,(anonymous_6)
FNDA:1,(anonymous_7)
FNDA:0,(anonymous_8)
FNDA:1,(anonymous_9)
DA:15,1
DA:20,12
DA:21,12
DA:23,12
DA:25,6
DA:26,6
DA:30,6
DA:31,6
DA:32,6
DA:36,1
DA:38,1
DA:39,1
DA:41,1
DA:42,0
DA:44,1
DA:45,1
DA:46,1
DA:47,0
DA:48,0
DA:49,0
DA:51,0
DA:52,0
DA:56,0
DA:57,0
DA:63,1
DA:65,1
DA:68,1
LF:27
LH:19
BRDA:41,0,0,0
BRDA:41,0,1,1
BRDA:49,1,0,0
BRDA:49,1,1,0
BRF:4
BRH:1
end_of_record
TN:
SF:D:\Angular5\Project\TopJobs-varun\projects\elogin\src\lib\subscription-fee\subscription-fee.component.ts
FN:12,(anonymous_2)
FN:18,SubscriptionFeeComponent
FN:20,(anonymous_4)
FN:30,(anonymous_5)
FN:41,(anonymous_6)
FN:55,(anonymous_7)
FNF:6
FNH:4
FNDA:1,(anonymous_2)
FNDA:16,SubscriptionFeeComponent
FNDA:8,(anonymous_4)
FNDA:1,(anonymous_5)
FNDA:0,(anonymous_6)
FNDA:0,(anonymous_7)
DA:12,1
DA:15,16
DA:16,16
DA:18,16
DA:20,1
DA:21,8
DA:30,1
DA:31,1
DA:32,1
DA:33,1
DA:34,1
DA:35,1
DA:37,1
DA:38,1
DA:41,0
DA:42,0
DA:43,0
DA:44,0
DA:47,0
DA:55,1
DA:56,1
LF:21
LH:16
BRDA:37,0,0,1
BRDA:37,0,1,0
BRDA:43,1,0,0
BRDA:43,1,1,0
BRF:4
BRH:1
end_of_record
